Arguments: 
  C:\Program Files\nodejs\node.exe C:\Users\night\AppData\Roaming\npm\node_modules\yarn\bin\yarn.js install

PATH: 
  C:\Program Files\Git\mingw64\bin;C:\Program Files\Git\usr\bin;C:\Users\night\bin;D:\Program Files (x86)\NetSarang\Xshell 6;C:\Program Files (x86)\Common Files\Oracle\Java\javapath;C:\Python2714;C:\Python2714\Scripts;C:\instantclient_11_2;C:\Program Files\dotnet;C:\Program Files\Microsoft SQL Server\130\Tools\Binn;C:\WINDOWS\system32;C:\WINDOWS;C:\WINDOWS\System32\Wbem;C:\WINDOWS\System32\WindowsPowerShell\v1.0;C:\WINDOWS\System32\OpenSSH;C:\Program Files\Git\cmd;C:\Program Files (x86)\dotnet;D:\MySql\mysql-5.7.24-winx64\bin;C:\Program Files\Microsoft SQL Server\120\Tools\Binn;D:\Program Files\TortoiseSVN\bin;D:\Program Files (x86)\VisualSVN\bin;C:\Program Files\Microsoft\Web Platform Installer;C:\Program Files\nodejs;C:\Users\night\AppData\Roaming\npm\node_modules\yarn\bin;C:\Users\night\AppData\Roaming\npm;C:\Program Files\MySQL\MySQL Shell 8.0\bin;C:\Users\night\AppData\Local\Microsoft\WindowsApps;D:\Program Files\Microsoft VS Code\bin;C:\Users\night\AppData\Local\BypassRuntm;C:\Users\night\.dotnet\tools;C:\Users\night\AppData\Local\Programs\Fiddler

Yarn version: 
  1.16.0

Node version: 
  10.15.3

Platform: 
  win32 x64

Trace: 
  Error: read ECONNRESET
      at TLSWrap.onStreamRead (internal/stream_base_commons.js:111:27)

npm manifest: 
  {
    "name": "demo",
    "version": "0.0.1",
    "devDependencies": {
      "@theintern/istanbul-loader": "^1.0.0-beta.2",
      "@types/sinon": "^7.0.13",
      "clean-webpack-plugin": "^3.0.0",
      "copy-webpack-plugin": "~5.0.3",
      "css-loader": "^3.0.0",
      "html-loader": "^0.5.5",
      "html-webpack-plugin": "^3.2.0",
      "mini-css-extract-plugin": "^0.7.0",
      "node-sass": "~4.12.0",
      "prettier": "^1.14.3",
      "resolve-url-loader": "^2.3.1",
      "sass-loader": "^7.1.0",
      "style-loader": "~0.23.1",
      "terser-webpack-plugin": "^1.3.0",
      "ts-loader": "^6.0.4",
      "tslib": "^1.9.3",
      "tslint": "^5.11.0",
      "tslint-config-prettier": "^1.15.0",
      "tslint-eslint-rules": "^5.4.0",
      "tslint-plugin-prettier": "^2.0.1",
      "typescript": "^3.0.3",
      "webpack": "^4.20.1",
      "webpack-cli": "~3.3.5",
      "webpack-dev-server": "^3.1.10"
    },
    "license": "Apache-2.0",
    "scripts": {
      "start": "webpack-dev-server --mode development --open",
      "build": "webpack --mode production --display-origins --display-provided-exports --display-reasons --json > stats.json",
      "profile": "webpack --profile --json > stats.json",
      "serve": "webpack-dev-server --mode production --open --https --compress",
      "prettier": "prettier --write \"src/**/*.ts?(x)\"",
      "lint": "tslint --fix \"src/**/*.ts?(x)\""
    },
    "dependencies": {
      "@arcgis/webpack-plugin": "~4.13.0"
    },
    "arcgis": {
      "type": "jsapi"
    }
  }

yarn manifest: 
  No manifest

Lockfile: 
  No lockfile
